-------------------------------------------------------------------------------
Test set: acmemedical.TestResource
-------------------------------------------------------------------------------
Tests run: 13, Failures: 0, Errors: 13, Skipped: 0, Time elapsed: 1.325 s <<< FAILURE! - in acmemedical.TestResource
acmemedical.TestResource.testCreateMedicalSchool  Time elapsed: 0.817 s  <<< ERROR!
java.net.ConnectException: Connection refused: connect
	at acmemedical.TestResource.testCreateMedicalSchool(TestResource.java:263)

acmemedical.TestResource.testGetPatientById  Time elapsed: 0.031 s  <<< ERROR!
java.net.ConnectException: Connection refused: connect
	at acmemedical.TestResource.testGetPatientById(TestResource.java:136)

acmemedical.TestResource.testCreateMedicine  Time elapsed: 0.015 s  <<< ERROR!
java.net.ConnectException: Connection refused: connect
	at acmemedical.TestResource.testCreateMedicine(TestResource.java:217)

acmemedical.TestResource.testCreatePatient  Time elapsed: 0.016 s  <<< ERROR!
java.net.ConnectException: Connection refused: connect
	at acmemedical.TestResource.testCreatePatient(TestResource.java:163)

acmemedical.TestResource.testGetAllPatients  Time elapsed: 0.007 s  <<< ERROR!
java.net.ConnectException: Connection refused: connect
	at acmemedical.TestResource.testGetAllPatients(TestResource.java:123)

acmemedical.TestResource.testGetAllMedicalSchools  Time elapsed: 0.008 s  <<< ERROR!
java.net.ConnectException: Connection refused: connect
	at acmemedical.TestResource.testGetAllMedicalSchools(TestResource.java:232)

acmemedical.TestResource.testGetAllPhysicians  Time elapsed: 0.008 s  <<< ERROR!
java.net.ConnectException: Connection refused: connect
	at acmemedical.TestResource.testGetAllPhysicians(TestResource.java:53)

acmemedical.TestResource.testGetMedicineById  Time elapsed: 0.008 s  <<< ERROR!
java.net.ConnectException: Connection refused: connect
	at acmemedical.TestResource.testGetMedicineById(TestResource.java:194)

acmemedical.TestResource.testGetAllMedicine  Time elapsed: 0.007 s  <<< ERROR!
java.net.ConnectException: Connection refused: connect
	at acmemedical.TestResource.testGetAllMedicine(TestResource.java:182)

acmemedical.TestResource.testUserAccessToSpecificPhysician  Time elapsed: 0.008 s  <<< ERROR!
java.net.ConnectException: Connection refused: connect
	at acmemedical.TestResource.testUserAccessToSpecificPhysician(TestResource.java:107)

acmemedical.TestResource.testGetPhysicianById  Time elapsed: 0.008 s  <<< ERROR!
java.net.ConnectException: Connection refused: connect
	at acmemedical.TestResource.testGetPhysicianById(TestResource.java:67)

acmemedical.TestResource.testGetMedicalSchoolById  Time elapsed: 0.009 s  <<< ERROR!
java.net.ConnectException: Connection refused: connect
	at acmemedical.TestResource.testGetMedicalSchoolById(TestResource.java:243)

acmemedical.TestResource.testCreatePhysician  Time elapsed: 0.01 s  <<< ERROR!
java.net.ConnectException: Connection refused: connect
	at acmemedical.TestResource.testCreatePhysician(TestResource.java:90)

