<?xml version="1.0" encoding="UTF-8"?>
<testsuite xmlns:xsi="http://www.w3.org/2001/XMLSchema-instance" xsi:noNamespaceSchemaLocation="https://maven.apache.org/surefire/maven-surefire-plugin/xsd/surefire-test-report-3.0.xsd" version="3.0" name="acmemedical.TestResource" time="1.325" tests="13" errors="13" skipped="0" failures="0">
  <properties>
[...]
</properties>
  <testcase name="testCreateMedicalSchool" classname="acmemedical.TestResource" time="0.817">
    <error type="java.net.ConnectException"><![CDATA[java.net.ConnectException: Connection refused: connect
	at acmemedical.TestResource.testCreateMedicalSchool(TestResource.java:263)
]]></error>
  </testcase>
  <testcase name="testGetPatientById" classname="acmemedical.TestResource" time="0.031">
    <error type="java.net.ConnectException"><![CDATA[java.net.ConnectException: Connection refused: connect
	at acmemedical.TestResource.testGetPatientById(TestResource.java:136)
]]></error>
  </testcase>
  <testcase name="testCreateMedicine" classname="acmemedical.TestResource" time="0.015">
    <error type="java.net.ConnectException"><![CDATA[java.net.ConnectException: Connection refused: connect
	at acmemedical.TestResource.testCreateMedicine(TestResource.java:217)
]]></error>
  </testcase>
  <testcase name="testCreatePatient" classname="acmemedical.TestResource" time="0.016">
    <error type="java.net.ConnectException"><![CDATA[java.net.ConnectException: Connection refused: connect
	at acmemedical.TestResource.testCreatePatient(TestResource.java:163)
]]></error>
  </testcase>
  <testcase name="testGetAllPatients" classname="acmemedical.TestResource" time="0.007">
    <error type="java.net.ConnectException"><![CDATA[java.net.ConnectException: Connection refused: connect
	at acmemedical.TestResource.testGetAllPatients(TestResource.java:123)
]]></error>
  </testcase>
  <testcase name="testGetAllMedicalSchools" classname="acmemedical.TestResource" time="0.008">
    <error type="java.net.ConnectException"><![CDATA[java.net.ConnectException: Connection refused: connect
	at acmemedical.TestResource.testGetAllMedicalSchools(TestResource.java:232)
]]></error>
  </testcase>
  <testcase name="testGetAllPhysicians" classname="acmemedical.TestResource" time="0.008">
    <error type="java.net.ConnectException"><![CDATA[java.net.ConnectException: Connection refused: connect
	at acmemedical.TestResource.testGetAllPhysicians(TestResource.java:53)
]]></error>
  </testcase>
  <testcase name="testGetMedicineById" classname="acmemedical.TestResource" time="0.008">
    <error type="java.net.ConnectException"><![CDATA[java.net.ConnectException: Connection refused: connect
	at acmemedical.TestResource.testGetMedicineById(TestResource.java:194)
]]></error>
  </testcase>
  <testcase name="testGetAllMedicine" classname="acmemedical.TestResource" time="0.007">
    <error type="java.net.ConnectException"><![CDATA[java.net.ConnectException: Connection refused: connect
	at acmemedical.TestResource.testGetAllMedicine(TestResource.java:182)
]]></error>
  </testcase>
  <testcase name="testUserAccessToSpecificPhysician" classname="acmemedical.TestResource" time="0.008">
    <error type="java.net.ConnectException"><![CDATA[java.net.ConnectException: Connection refused: connect
	at acmemedical.TestResource.testUserAccessToSpecificPhysician(TestResource.java:107)
]]></error>
  </testcase>
  <testcase name="testGetPhysicianById" classname="acmemedical.TestResource" time="0.008">
    <error type="java.net.ConnectException"><![CDATA[java.net.ConnectException: Connection refused: connect
	at acmemedical.TestResource.testGetPhysicianById(TestResource.java:67)
]]></error>
  </testcase>
  <testcase name="testGetMedicalSchoolById" classname="acmemedical.TestResource" time="0.009">
    <error type="java.net.ConnectException"><![CDATA[java.net.ConnectException: Connection refused: connect
	at acmemedical.TestResource.testGetMedicalSchoolById(TestResource.java:243)
]]></error>
  </testcase>
  <testcase name="testCreatePhysician" classname="acmemedical.TestResource" time="0.01">
    <error type="java.net.ConnectException"><![CDATA[java.net.ConnectException: Connection refused: connect
	at acmemedical.TestResource.testCreatePhysician(TestResource.java:90)
]]></error>
  </testcase>
</testsuite>